2024-11-20 16:57:49,538 - __main__ - INFO - Carregando dataset pré-processado do caminho: D:\Github\data-science\projetos\analise-de-sentimentos\nlp\data\processed\etapa2_preprocessamento.parquet
2024-11-20 16:57:49,590 - __main__ - INFO - Dataset carregado com sucesso!
2024-11-20 16:57:52,681 - __main__ - INFO - Análise estatística realizada com sucesso!
2024-11-20 17:00:08,249 - __main__ - INFO - Carregando dataset pré-processado do caminho: D:\Github\data-science\projetos\analise-de-sentimentos\nlp\data\processed\etapa2_preprocessamento.parquet
2024-11-20 17:00:08,304 - __main__ - INFO - Dataset carregado com sucesso!
2024-11-20 17:00:11,291 - __main__ - INFO - Análise estatística realizada com sucesso!
2024-11-20 17:01:18,205 - __main__ - INFO - Carregando dataset pré-processado do caminho: D:\Github\data-science\projetos\analise-de-sentimentos\nlp\data\processed\etapa2_preprocessamento.parquet
2024-11-20 17:01:18,271 - __main__ - INFO - Dataset carregado com sucesso!
2024-11-20 17:01:21,590 - __main__ - INFO - Análise estatística realizada com sucesso!
2024-11-20 17:02:55,108 - __main__ - INFO - Visualizações criadas com sucesso!
2024-11-20 17:02:58,304 - __main__ - INFO - Análise de correlação realizada com sucesso!
2024-11-20 17:03:12,810 - __main__ - INFO - Dataset analisado salvo em D:\Github\data-science\projetos\analise-de-sentimentos\nlp\data\processed\etapa3_analise_exploratoria.parquet e D:\Github\data-science\projetos\analise-de-sentimentos\nlp\data\processed\etapa3_analise_exploratoria.csv
2024-11-20 17:03:12,826 - __main__ - INFO - Arquivo de configuração atualizado com sucesso.
2024-11-20 20:11:29,885 - __main__ - INFO - Carregando dataset pré-processado do caminho: D:\Github\data-science\projetos\analise-de-sentimentos\nlp\data\processed\etapa2_preprocessamento.parquet
2024-11-20 20:11:29,935 - __main__ - INFO - Dataset carregado com sucesso!
2024-11-20 20:11:30,010 - __main__ - INFO - Análise estatística realizada com sucesso!
2024-11-20 20:11:31,342 - __main__ - INFO - Visualizações criadas com sucesso!
2024-11-20 20:11:31,589 - __main__ - INFO - Análise de correlação realizada com sucesso!
2024-11-20 20:11:31,629 - __main__ - INFO - Dataset analisado salvo em D:\Github\data-science\projetos\analise-de-sentimentos\nlp\data\processed\etapa3_analise_exploratoria.parquet e D:\Github\data-science\projetos\analise-de-sentimentos\nlp\data\processed\etapa3_analise_exploratoria.csv
2024-11-20 20:11:31,633 - __main__ - INFO - Arquivo de configuração atualizado com sucesso.
2024-11-20 20:21:14,080 - __main__ - INFO - Carregando dataset pré-processado do caminho: D:\Github\data-science\projetos\analise-de-sentimentos\nlp\data\processed\etapa2_preprocessamento.parquet
2024-11-20 20:21:14,130 - __main__ - INFO - Dataset carregado com sucesso!
2024-11-20 20:21:14,207 - __main__ - INFO - Análise estatística realizada com sucesso!
2024-11-20 20:21:15,309 - __main__ - INFO - Visualizações criadas com sucesso!
2024-11-20 20:21:15,516 - __main__ - INFO - Análise de correlação realizada com sucesso!
2024-11-20 20:21:15,553 - __main__ - INFO - Dataset analisado salvo em D:\Github\data-science\projetos\analise-de-sentimentos\nlp\data\processed\etapa3_analise_exploratoria.parquet e D:\Github\data-science\projetos\analise-de-sentimentos\nlp\data\processed\etapa3_analise_exploratoria.csv
2024-11-20 20:21:15,556 - __main__ - INFO - Arquivo de configuração atualizado com sucesso.
