2024-11-20 16:35:58,481 - __main__ - INFO - Carregando dataset do caminho: D:\Github\data-science\projetos\analise-de-sentimentos\nlp\data\raw\asentimentos.parquet
2024-11-20 16:35:58,551 - __main__ - INFO - Dataset carregado com sucesso!
2024-11-20 16:35:58,551 - __main__ - INFO - Colunas renomeadas com sucesso!
2024-11-20 16:37:11,160 - __main__ - INFO - Carregando dataset do caminho: D:\Github\data-science\projetos\analise-de-sentimentos\nlp\data\raw\asentimentos.parquet
2024-11-20 16:37:11,215 - __main__ - INFO - Dataset carregado com sucesso!
2024-11-20 16:37:11,215 - __main__ - INFO - Colunas renomeadas com sucesso!
2024-11-20 16:37:26,323 - __main__ - INFO - Dataset processado salvo em D:\Github\data-science\projetos\analise-de-sentimentos\nlp\data\processed\etapa1_carregamento_dados.parquet
2024-11-20 16:37:26,339 - __main__ - INFO - Arquivo de configuração atualizado com sucesso.
2024-11-20 16:39:07,347 - __main__ - INFO - Carregando dataset do caminho: D:\Github\data-science\projetos\analise-de-sentimentos\nlp\data\raw\asentimentos.parquet
2024-11-20 16:39:07,399 - __main__ - INFO - Dataset carregado com sucesso!
2024-11-20 16:39:07,399 - __main__ - INFO - Colunas renomeadas com sucesso!
2024-11-20 16:39:24,571 - __main__ - INFO - Dataset processado salvo em D:\Github\data-science\projetos\analise-de-sentimentos\nlp\data\processed\etapa1_carregamento_dados.parquet e D:\Github\data-science\projetos\analise-de-sentimentos\nlp\data\processed\etapa1_carregamento_dados.csv
2024-11-20 16:39:24,576 - __main__ - INFO - Arquivo de configuração atualizado com sucesso.
2024-11-20 16:39:42,786 - __main__ - INFO - Carregando dataset do caminho: D:\Github\data-science\projetos\analise-de-sentimentos\nlp\data\raw\asentimentos.parquet
2024-11-20 16:39:42,832 - __main__ - INFO - Dataset carregado com sucesso!
2024-11-20 16:39:42,845 - __main__ - INFO - Colunas renomeadas com sucesso!
2024-11-20 16:39:59,199 - __main__ - INFO - Dataset processado salvo em D:\Github\data-science\projetos\analise-de-sentimentos\nlp\data\processed\etapa1_carregamento_dados.parquet e D:\Github\data-science\projetos\analise-de-sentimentos\nlp\data\processed\etapa1_carregamento_dados.csv
2024-11-20 16:39:59,199 - __main__ - INFO - Arquivo de configuração atualizado com sucesso.
2024-11-20 16:41:27,756 - __main__ - INFO - Carregando dataset do caminho: D:\Github\data-science\projetos\analise-de-sentimentos\nlp\data\raw\asentimentos.parquet
2024-11-20 16:41:27,826 - __main__ - INFO - Dataset carregado com sucesso!
2024-11-20 16:41:27,826 - __main__ - INFO - Colunas renomeadas com sucesso!
2024-11-20 16:41:43,555 - __main__ - INFO - Dataset processado salvo em D:\Github\data-science\projetos\analise-de-sentimentos\nlp\data\processed\etapa1_carregamento_dados.parquet e D:\Github\data-science\projetos\analise-de-sentimentos\nlp\data\processed\etapa1_carregamento_dados.csv
2024-11-20 16:41:43,555 - __main__ - INFO - Arquivo de configuração atualizado com sucesso.
2024-11-20 16:43:26,646 - __main__ - INFO - Carregando dataset do caminho: D:\Github\data-science\projetos\analise-de-sentimentos\nlp\data\raw\asentimentos.parquet
2024-11-20 16:43:26,707 - __main__ - INFO - Dataset carregado com sucesso!
2024-11-20 16:43:26,707 - __main__ - INFO - Colunas renomeadas com sucesso!
2024-11-20 16:43:38,504 - __main__ - INFO - Dataset processado salvo em D:\Github\data-science\projetos\analise-de-sentimentos\nlp\data\processed\etapa1_carregamento_dados.parquet e D:\Github\data-science\projetos\analise-de-sentimentos\nlp\data\processed\etapa1_carregamento_dados.csv
2024-11-20 16:43:38,504 - __main__ - INFO - Arquivo de configuração atualizado com sucesso.
2024-11-20 16:45:57,112 - __main__ - INFO - Carregando dataset do caminho: D:\Github\data-science\projetos\analise-de-sentimentos\nlp\data\raw\asentimentos.parquet
2024-11-20 16:45:57,160 - __main__ - INFO - Dataset carregado com sucesso!
2024-11-20 16:45:57,171 - __main__ - INFO - Colunas renomeadas com sucesso!
2024-11-20 16:46:08,841 - __main__ - INFO - Dataset processado salvo em D:\Github\data-science\projetos\analise-de-sentimentos\nlp\data\processed\etapa1_carregamento_dados.parquet e D:\Github\data-science\projetos\analise-de-sentimentos\nlp\data\processed\etapa1_carregamento_dados.csv
2024-11-20 16:46:08,867 - __main__ - INFO - Arquivo de configuração atualizado com sucesso.
2024-11-20 16:47:11,373 - __main__ - INFO - Carregando dataset do caminho: D:\Github\data-science\projetos\analise-de-sentimentos\nlp\data\raw\asentimentos.parquet
2024-11-20 16:47:11,422 - __main__ - INFO - Dataset carregado com sucesso!
2024-11-20 16:47:11,422 - __main__ - INFO - Colunas renomeadas com sucesso!
2024-11-20 16:47:23,039 - __main__ - INFO - Dataset processado salvo em D:\Github\data-science\projetos\analise-de-sentimentos\nlp\data\processed\etapa1_carregamento_dados.parquet e D:\Github\data-science\projetos\analise-de-sentimentos\nlp\data\processed\etapa1_carregamento_dados.csv
2024-11-20 16:47:23,061 - __main__ - INFO - Arquivo de configuração atualizado com sucesso.
2024-11-20 19:36:32,926 - __main__ - INFO - Carregando dataset do caminho: D:\Github\data-science\projetos\analise-de-sentimentos\nlp\data\raw\asentimentos.parquet
2024-11-20 19:36:32,980 - __main__ - INFO - Dataset carregado com sucesso!
2024-11-20 19:36:32,982 - __main__ - INFO - Colunas renomeadas com sucesso!
2024-11-20 19:36:33,051 - __main__ - INFO - Dataset processado salvo em D:\Github\data-science\projetos\analise-de-sentimentos\nlp\data\processed\etapa1_carregamento_dados.parquet e D:\Github\data-science\projetos\analise-de-sentimentos\nlp\data\processed\etapa1_carregamento_dados.csv
2024-11-20 19:36:33,066 - __main__ - INFO - Arquivo de configuração atualizado com sucesso.
2024-11-20 20:17:44,321 - __main__ - INFO - Carregando dataset do caminho: D:\Github\data-science\projetos\analise-de-sentimentos\nlp\data\raw\asentimentos.parquet
2024-11-20 20:17:44,406 - __main__ - INFO - Dataset carregado com sucesso!
2024-11-20 20:17:44,406 - __main__ - INFO - Colunas renomeadas com sucesso!
2024-11-20 20:17:44,446 - __main__ - INFO - Dataset processado salvo em D:\Github\data-science\projetos\analise-de-sentimentos\nlp\data\processed\etapa1_carregamento_dados.parquet e D:\Github\data-science\projetos\analise-de-sentimentos\nlp\data\processed\etapa1_carregamento_dados.csv
2024-11-20 20:17:44,458 - __main__ - INFO - Arquivo de configuração atualizado com sucesso.
