2024-11-22 18:05:14,860 - INFO - Carregando o dataset bruto.
2024-11-22 18:05:14,880 - INFO - Dataset carregado com sucesso.
2024-11-22 18:05:14,880 - INFO - Renomeando colunas.
2024-11-22 18:05:14,882 - INFO - Salvando dataset processado em formato Parquet e CSV.
2024-11-22 18:05:14,909 - INFO - Dataset salvo com sucesso.
2024-11-22 18:05:14,909 - INFO - Arquivo config.yaml atualizado com sucesso.
2024-11-22 18:32:02,922 - INFO - Carregando o dataset bruto.
2024-11-22 18:32:02,942 - INFO - Dataset carregado com sucesso.
2024-11-22 18:32:02,942 - INFO - Renomeando colunas.
2024-11-22 18:32:02,944 - INFO - Salvando dataset processado em formato Parquet e CSV.
2024-11-22 18:32:02,981 - INFO - Dataset salvo com sucesso.
2024-11-22 18:32:02,981 - INFO - Arquivo config.yaml atualizado com sucesso.
2024-11-22 18:35:02,031 - INFO - Carregando o dataset bruto.
2024-11-22 18:35:02,050 - INFO - Dataset carregado com sucesso.
2024-11-22 18:35:02,051 - INFO - Renomeando colunas.
2024-11-22 18:35:02,052 - INFO - Salvando dataset processado em formato Parquet e CSV.
2024-11-22 18:35:02,088 - INFO - Dataset salvo com sucesso.
2024-11-22 18:35:02,091 - INFO - Arquivo config.yaml atualizado com sucesso.
2024-11-23 08:00:59,858 - INFO - Carregando o dataset bruto.
2024-11-23 08:00:59,922 - INFO - Dataset carregado com sucesso.
2024-11-23 08:00:59,922 - INFO - Renomeando colunas.
2024-11-23 08:00:59,923 - INFO - Salvando dataset processado em formato Parquet e CSV.
2024-11-23 08:00:59,966 - INFO - Dataset salvo com sucesso.
2024-11-23 08:00:59,966 - INFO - Arquivo config.yaml atualizado com sucesso.
2024-11-23 12:39:19,242 - INFO - Carregando o dataset bruto.
2024-11-23 12:39:19,265 - INFO - Dataset carregado com sucesso.
2024-11-23 12:39:19,265 - INFO - Renomeando colunas.
2024-11-23 12:39:19,266 - INFO - Salvando dataset processado em formato Parquet e CSV.
2024-11-23 12:39:19,303 - INFO - Dataset salvo com sucesso.
2024-11-23 12:39:19,305 - INFO - Arquivo config.yaml atualizado com sucesso.
2024-11-23 19:22:08,503 - INFO - Carregando o dataset bruto.
2024-11-23 19:22:08,524 - INFO - Dataset carregado com sucesso.
2024-11-23 19:22:08,525 - INFO - Renomeando colunas.
2024-11-23 19:22:08,528 - INFO - Salvando dataset processado em formato Parquet e CSV.
2024-11-23 19:22:08,580 - INFO - Dataset salvo com sucesso.
2024-11-23 19:22:08,583 - INFO - Arquivo config.yaml atualizado com sucesso.
2024-11-23 21:21:14,485 - INFO - Carregando o dataset bruto.
2024-11-23 21:21:14,511 - INFO - Dataset carregado com sucesso.
2024-11-23 21:21:14,511 - INFO - Renomeando colunas.
2024-11-23 21:21:14,513 - INFO - Salvando dataset processado em formato Parquet e CSV.
2024-11-23 21:21:14,656 - INFO - Dataset salvo com sucesso.
2024-11-23 21:21:14,659 - INFO - Arquivo config.yaml atualizado com sucesso.
