2024-11-23 08:01:26,109 - INFO - Carregando o dataset processado.
2024-11-23 08:01:26,131 - INFO - Dataset carregado com sucesso.
2024-11-23 08:01:26,131 - INFO - Limpando os textos.
2024-11-23 08:01:26,148 - INFO - Salvando dataset pré-processado em formato Parquet e CSV.
2024-11-23 08:01:26,454 - INFO - Dataset salvo com sucesso.
2024-11-23 08:01:26,454 - INFO - Arquivo config.yaml atualizado com sucesso.
2024-11-23 12:39:27,865 - INFO - Carregando o dataset processado.
2024-11-23 12:39:27,887 - INFO - Dataset carregado com sucesso.
2024-11-23 12:39:27,887 - INFO - Limpando os textos.
2024-11-23 12:39:27,907 - INFO - Salvando dataset pré-processado em formato Parquet e CSV.
2024-11-23 12:39:28,259 - INFO - Dataset salvo com sucesso.
2024-11-23 12:39:28,259 - INFO - Arquivo config.yaml atualizado com sucesso.
2024-11-23 19:22:30,274 - INFO - Carregando o dataset processado.
2024-11-23 19:22:30,299 - INFO - Dataset carregado com sucesso.
2024-11-23 19:22:30,300 - INFO - Limpando os textos.
2024-11-23 19:22:30,319 - INFO - Salvando dataset pré-processado em formato Parquet e CSV.
2024-11-23 19:22:30,700 - INFO - Dataset salvo com sucesso.
2024-11-23 19:22:30,702 - INFO - Arquivo config.yaml atualizado com sucesso.
2024-11-23 21:21:30,228 - INFO - Carregando o dataset processado.
2024-11-23 21:21:30,251 - INFO - Dataset carregado com sucesso.
2024-11-23 21:21:30,252 - INFO - Limpando os textos.
2024-11-23 21:21:30,270 - INFO - Salvando dataset pré-processado em formato Parquet e CSV.
2024-11-23 21:21:32,882 - INFO - Dataset salvo com sucesso.
2024-11-23 21:21:32,894 - INFO - Arquivo config.yaml atualizado com sucesso.
