2024-11-23 08:05:20,935 - INFO - Carregando o dataset com stopwords removidas.
2024-11-23 08:05:20,961 - INFO - Dataset carregado com sucesso.
2024-11-23 08:05:20,962 - INFO - Aplicando stemming.
2024-11-23 08:05:20,966 - INFO - Aplicando lematizaçăo.
2024-11-23 08:05:21,070 - INFO - Removendo documentos vazios ou contendo apenas stop words.
2024-11-23 08:05:37,302 - INFO - Total de linhas antes da remoçăo: 2000
2024-11-23 08:06:09,649 - INFO - Total de linhas após a remoçăo: 1981
2024-11-23 08:06:09,649 - INFO - Número de linhas excluídas: 19
2024-11-23 08:06:09,649 - INFO - Classificando sentimentos.
2024-11-23 08:06:09,668 - INFO - Codificando sentimentos.
2024-11-23 08:06:09,675 - INFO - Removendo documentos vazios ou contendo apenas stop words.
2024-11-23 08:06:26,184 - ERROR - Erro ao remover documentos vazios: name 'pd' is not defined
2024-11-23 08:06:26,184 - ERROR - Erro ao aplicar stemming, lematizaçăo e classificaçăo de sentimentos: name 'pd' is not defined
2024-11-23 08:07:27,517 - INFO - Carregando o dataset com stopwords removidas.
2024-11-23 08:07:27,536 - INFO - Dataset carregado com sucesso.
2024-11-23 08:07:27,537 - INFO - Aplicando stemming.
2024-11-23 08:07:27,542 - INFO - Aplicando lematizaçăo.
2024-11-23 08:07:27,650 - INFO - Removendo documentos vazios ou contendo apenas stop words.
2024-11-23 08:07:45,168 - INFO - Total de linhas antes da remoçăo: 2000
2024-11-23 08:08:20,250 - INFO - Total de linhas após a remoçăo: 1981
2024-11-23 08:08:20,250 - INFO - Número de linhas excluídas: 19
2024-11-23 08:08:20,250 - INFO - Classificando sentimentos.
2024-11-23 08:08:20,265 - INFO - Codificando sentimentos.
2024-11-23 08:08:20,275 - INFO - Removendo documentos vazios ou contendo apenas stop words.
2024-11-23 08:08:37,698 - INFO - Total de linhas antes da remoçăo: 1981
2024-11-23 08:09:12,499 - INFO - Total de linhas após a remoçăo: 1981
2024-11-23 08:09:12,499 - INFO - Número de linhas excluídas: 0
2024-11-23 08:09:12,499 - INFO - Salvando dataset com stemming, lematizaçăo e classificaçăo de sentimentos em formato Parquet e CSV.
2024-11-23 08:09:30,062 - INFO - Dataset salvo com sucesso.
2024-11-23 08:09:30,062 - INFO - Arquivo config.yaml atualizado com sucesso.
2024-11-23 08:19:25,591 - INFO - Carregando o dataset com stopwords removidas.
2024-11-23 08:19:25,608 - INFO - Dataset carregado com sucesso.
2024-11-23 08:19:25,609 - INFO - Aplicando stemming.
2024-11-23 08:19:25,613 - INFO - Aplicando lematizaçăo.
2024-11-23 08:19:25,723 - INFO - Removendo documentos vazios ou contendo apenas stop words.
2024-11-23 08:19:42,178 - INFO - Total de linhas antes da remoçăo: 2000
2024-11-23 08:20:15,043 - INFO - Total de linhas após a remoçăo: 1981
2024-11-23 08:20:15,044 - INFO - Número de linhas excluídas: 19
2024-11-23 08:20:15,044 - INFO - Classificando sentimentos.
2024-11-23 08:20:15,048 - INFO - Codificando sentimentos.
2024-11-23 08:20:15,053 - INFO - Removendo documentos vazios ou contendo apenas stop words.
2024-11-23 08:20:31,814 - INFO - Total de linhas antes da remoçăo: 1981
2024-11-23 08:21:05,409 - INFO - Total de linhas após a remoçăo: 1981
2024-11-23 08:21:05,410 - INFO - Número de linhas excluídas: 0
2024-11-23 08:21:05,410 - INFO - Salvando dataset com stemming, lematizaçăo e classificaçăo de sentimentos em formato Parquet e CSV.
2024-11-23 08:21:22,311 - INFO - Dataset salvo com sucesso.
2024-11-23 08:21:22,312 - INFO - Arquivo config.yaml atualizado com sucesso.
2024-11-23 08:26:38,115 - INFO - Carregando o dataset com stopwords removidas.
2024-11-23 08:26:38,137 - INFO - Dataset carregado com sucesso.
2024-11-23 08:26:38,137 - INFO - Aplicando stemming.
2024-11-23 08:26:38,142 - INFO - Aplicando lematizaçăo.
2024-11-23 08:26:38,255 - INFO - Removendo documentos vazios ou contendo apenas stop words.
2024-11-23 08:26:55,028 - INFO - Total de linhas antes da remoçăo: 2000
2024-11-23 08:27:27,325 - INFO - Total de linhas após a remoçăo: 1981
2024-11-23 08:27:27,325 - INFO - Número de linhas excluídas: 19
2024-11-23 08:27:27,325 - INFO - Classificando sentimentos.
2024-11-23 08:27:27,341 - INFO - Codificando sentimentos.
2024-11-23 08:27:27,348 - INFO - Removendo documentos vazios ou contendo apenas stop words.
2024-11-23 08:27:43,885 - INFO - Total de linhas antes da remoçăo: 1981
2024-11-23 08:28:16,603 - INFO - Total de linhas após a remoçăo: 1981
2024-11-23 08:28:16,604 - INFO - Número de linhas excluídas: 0
2024-11-23 08:28:16,604 - INFO - Salvando dataset com stemming, lematizaçăo e classificaçăo de sentimentos em formato Parquet e CSV.
2024-11-23 08:28:33,044 - INFO - Dataset salvo com sucesso.
2024-11-23 08:28:33,046 - INFO - Arquivo config.yaml atualizado com sucesso.
2024-11-23 08:34:47,567 - INFO - Carregando o dataset com stopwords removidas.
2024-11-23 08:34:47,585 - INFO - Dataset carregado com sucesso.
2024-11-23 08:34:47,585 - INFO - Aplicando stemming.
2024-11-23 08:34:47,591 - INFO - Aplicando lematizaçăo.
2024-11-23 08:34:47,700 - INFO - Removendo documentos vazios ou contendo apenas stop words.
2024-11-23 08:35:03,810 - INFO - Total de linhas antes da remoçăo: 2000
2024-11-23 08:35:36,035 - INFO - Total de linhas após a remoçăo: 1981
2024-11-23 08:35:36,035 - INFO - Número de linhas excluídas: 19
2024-11-23 08:35:36,035 - INFO - Classificando sentimentos.
2024-11-23 08:35:36,052 - INFO - Codificando sentimentos.
2024-11-23 08:35:36,058 - INFO - Removendo documentos vazios ou contendo apenas stop words.
2024-11-23 08:35:52,477 - INFO - Total de linhas antes da remoçăo: 1981
2024-11-23 08:36:26,370 - INFO - Total de linhas após a remoçăo: 1981
2024-11-23 08:36:26,371 - INFO - Número de linhas excluídas: 0
2024-11-23 08:36:26,371 - INFO - Salvando dataset com stemming, lematizaçăo e classificaçăo de sentimentos em formato Parquet e CSV.
2024-11-23 08:36:43,784 - INFO - Dataset salvo com sucesso.
2024-11-23 08:36:43,786 - INFO - Arquivo config.yaml atualizado com sucesso.
2024-11-23 08:52:30,675 - INFO - Carregando o dataset com stopwords removidas.
2024-11-23 08:52:30,690 - INFO - Dataset carregado com sucesso.
2024-11-23 08:52:30,690 - INFO - Aplicando stemming.
2024-11-23 08:52:30,712 - INFO - Aplicando lematizaçăo.
2024-11-23 08:52:30,827 - INFO - Removendo documentos vazios ou contendo apenas stop words.
2024-11-23 08:52:47,740 - INFO - Total de linhas antes da remoçăo: 2000
2024-11-23 08:53:19,861 - INFO - Total de linhas após a remoçăo: 1981
2024-11-23 08:53:19,877 - INFO - Número de linhas excluídas: 19
2024-11-23 08:53:19,877 - INFO - Classificando sentimentos.
2024-11-23 08:53:19,879 - INFO - Codificando sentimentos.
2024-11-23 08:53:19,899 - INFO - Removendo documentos vazios ou contendo apenas stop words.
2024-11-23 08:53:36,219 - INFO - Total de linhas antes da remoçăo: 1981
2024-11-23 08:54:08,799 - INFO - Total de linhas após a remoçăo: 1981
2024-11-23 08:54:08,799 - INFO - Número de linhas excluídas: 0
2024-11-23 08:54:08,799 - INFO - Salvando dataset com stemming, lematizaçăo e classificaçăo de sentimentos em formato Parquet e CSV.
2024-11-23 08:54:25,342 - INFO - Dataset salvo com sucesso.
2024-11-23 08:54:25,342 - INFO - Amostra do dataset salva em: D:\Github\data-science\projetos\analise-de-sentimentos\nlp\data\processed\amostra_classificacao_sentimentos.csv
2024-11-23 08:54:25,353 - INFO - Arquivo config.yaml atualizado com sucesso.
2024-11-23 11:40:40,947 - INFO - Carregando o dataset com stopwords removidas.
2024-11-23 11:40:40,968 - INFO - Dataset carregado com sucesso.
2024-11-23 11:40:40,968 - INFO - Aplicando stemming.
2024-11-23 11:40:40,976 - INFO - Aplicando lematizaçăo.
2024-11-23 11:40:41,085 - INFO - Removendo documentos vazios ou contendo apenas stop words.
2024-11-23 11:40:57,098 - INFO - Total de linhas antes da remoçăo: 2000
2024-11-23 11:41:29,133 - INFO - Total de linhas após a remoçăo: 1981
2024-11-23 11:41:29,148 - INFO - Número de linhas excluídas: 19
2024-11-23 11:41:29,148 - INFO - Classificando sentimentos usando VADER.
2024-11-23 11:41:29,165 - INFO - Classificando sentimentos usando BERT.
2024-11-23 11:41:33,961 - INFO - Codificando sentimentos.
2024-11-23 11:41:33,976 - INFO - Removendo documentos vazios ou contendo apenas stop words.
2024-11-23 11:42:30,471 - INFO - Total de linhas antes da remoçăo: 1981
2024-11-23 11:44:26,083 - INFO - Total de linhas após a remoçăo: 1981
2024-11-23 11:44:26,083 - INFO - Número de linhas excluídas: 0
2024-11-23 11:44:26,083 - INFO - Salvando dataset com stemming, lematizaçăo e classificaçăo de sentimentos em formato Parquet e CSV.
2024-11-23 11:45:25,013 - INFO - Dataset salvo com sucesso.
2024-11-23 11:45:25,016 - INFO - Amostra do dataset salva em: D:\Github\data-science\projetos\analise-de-sentimentos\nlp\data\processed\amostra_classificacao_sentimentos.csv
2024-11-23 11:45:25,018 - INFO - Arquivo config.yaml atualizado com sucesso.
2024-11-23 12:04:16,687 - INFO - Carregando o dataset com stopwords removidas.
2024-11-23 12:04:16,723 - INFO - Dataset carregado com sucesso.
2024-11-23 12:04:16,725 - INFO - Aplicando stemming.
2024-11-23 12:04:16,732 - INFO - Aplicando lematizaçăo.
2024-11-23 12:04:16,855 - INFO - Removendo documentos vazios ou contendo apenas stop words.
2024-11-23 12:04:35,050 - INFO - Total de linhas antes da remoçăo: 2000
2024-11-23 12:05:19,875 - INFO - Total de linhas após a remoçăo: 1981
2024-11-23 12:05:19,875 - INFO - Número de linhas excluídas: 19
2024-11-23 12:05:19,877 - INFO - Classificando sentimentos usando VADER.
2024-11-23 12:05:19,893 - INFO - Classificando sentimentos usando BERT.
2024-11-23 12:05:25,640 - INFO - Codificando sentimentos.
2024-11-23 12:05:25,661 - INFO - Removendo documentos vazios ou contendo apenas stop words.
2024-11-23 12:06:42,092 - INFO - Total de linhas antes da remoçăo: 1981
2024-11-23 12:09:15,004 - INFO - Total de linhas após a remoçăo: 1981
2024-11-23 12:09:15,004 - INFO - Número de linhas excluídas: 0
2024-11-23 12:09:15,004 - INFO - Salvando dataset com stemming, lematizaçăo e classificaçăo de sentimentos em formato Parquet e CSV.
2024-11-23 12:10:44,840 - INFO - Dataset salvo com sucesso.
2024-11-23 12:10:44,843 - INFO - Amostra do dataset salva em: D:\Github\data-science\projetos\analise-de-sentimentos\nlp\data\processed\amostra_classificacao_sentimentos.csv
2024-11-23 12:10:44,845 - INFO - Arquivo config.yaml atualizado com sucesso.
2024-11-23 12:18:16,119 - INFO - Carregando o dataset com stopwords removidas.
2024-11-23 12:18:16,157 - INFO - Dataset carregado com sucesso.
2024-11-23 12:18:16,157 - INFO - Aplicando stemming.
2024-11-23 12:18:16,170 - INFO - Aplicando lematizaçăo.
2024-11-23 12:18:16,334 - INFO - Removendo documentos vazios ou contendo apenas stop words.
2024-11-23 12:18:37,199 - INFO - Total de linhas antes da remoçăo: 2000
2024-11-23 12:19:17,678 - INFO - Total de linhas após a remoçăo: 1981
2024-11-23 12:19:17,678 - INFO - Número de linhas excluídas: 19
2024-11-23 12:19:17,678 - INFO - Classificando sentimentos usando VADER.
2024-11-23 12:19:17,713 - INFO - Classificando sentimentos usando BERT.
2024-11-23 12:19:23,089 - INFO - Codificando sentimentos.
2024-11-23 12:19:23,108 - INFO - Removendo documentos vazios ou contendo apenas stop words.
2024-11-23 12:20:48,403 - INFO - Total de linhas antes da remoçăo: 1981
2024-11-23 12:23:26,198 - INFO - Total de linhas após a remoçăo: 1981
2024-11-23 12:23:26,199 - INFO - Número de linhas excluídas: 0
2024-11-23 12:23:26,199 - INFO - Salvando dataset com stemming, lematizaçăo e classificaçăo de sentimentos em formato Parquet e CSV.
2024-11-23 12:24:50,554 - INFO - Dataset salvo com sucesso.
2024-11-23 12:24:50,566 - INFO - Amostra do dataset salva em: D:\Github\data-science\projetos\analise-de-sentimentos\nlp\data\processed\amostra_classificacao_sentimentos.csv
2024-11-23 12:24:50,566 - INFO - Arquivo config.yaml atualizado com sucesso.
2024-11-23 12:28:23,531 - INFO - Carregando o dataset com stopwords removidas.
2024-11-23 12:28:23,568 - INFO - Dataset carregado com sucesso.
2024-11-23 12:28:23,568 - INFO - Aplicando stemming.
2024-11-23 12:28:23,575 - INFO - Aplicando lematizaçăo.
2024-11-23 12:28:23,693 - INFO - Removendo documentos vazios ou contendo apenas stop words.
2024-11-23 12:28:42,614 - INFO - Total de linhas antes da remoçăo: 1981
2024-11-23 12:29:20,245 - INFO - Total de linhas após a remoçăo: 1981
2024-11-23 12:29:20,245 - INFO - Número de linhas excluídas: 0
2024-11-23 12:29:20,245 - INFO - Classificando sentimentos.
2024-11-23 12:29:20,268 - INFO - Codificando sentimentos.
2024-11-23 12:29:20,276 - INFO - Removendo documentos vazios ou contendo apenas stop words.
2024-11-23 12:29:39,204 - INFO - Total de linhas antes da remoçăo: 1981
2024-11-23 12:30:17,589 - INFO - Total de linhas após a remoçăo: 1981
2024-11-23 12:30:17,589 - INFO - Número de linhas excluídas: 0
2024-11-23 12:30:17,589 - INFO - Salvando dataset com stemming, lematizaçăo e classificaçăo de sentimentos em formato Parquet e CSV.
2024-11-23 12:30:37,470 - INFO - Dataset salvo com sucesso.
2024-11-23 12:30:37,470 - INFO - Arquivo config.yaml atualizado com sucesso.
2024-11-23 12:41:42,643 - INFO - Carregando o dataset com stopwords removidas.
2024-11-23 12:41:42,675 - INFO - Dataset carregado com sucesso.
2024-11-23 12:41:42,675 - INFO - Aplicando stemming.
2024-11-23 12:41:42,680 - INFO - Aplicando lematizaçăo.
2024-11-23 12:41:42,809 - INFO - Removendo documentos vazios ou contendo apenas stop words.
2024-11-23 12:42:00,411 - INFO - Total de linhas antes da remoçăo: 2000
2024-11-23 12:42:35,955 - INFO - Total de linhas após a remoçăo: 1981
2024-11-23 12:42:35,955 - INFO - Número de linhas excluídas: 19
2024-11-23 12:42:35,955 - INFO - Classificando sentimentos.
2024-11-23 12:42:35,991 - INFO - Codificando sentimentos.
2024-11-23 12:42:35,998 - INFO - Removendo documentos vazios ou contendo apenas stop words.
2024-11-23 12:42:54,616 - INFO - Total de linhas antes da remoçăo: 1981
2024-11-23 12:43:32,398 - INFO - Total de linhas após a remoçăo: 1981
2024-11-23 12:43:32,398 - INFO - Número de linhas excluídas: 0
2024-11-23 12:43:32,398 - INFO - Salvando dataset com stemming, lematizaçăo e classificaçăo de sentimentos em formato Parquet e CSV.
2024-11-23 12:43:54,852 - INFO - Dataset salvo com sucesso.
2024-11-23 12:43:54,854 - INFO - Arquivo config.yaml atualizado com sucesso.
2024-11-23 12:46:52,507 - INFO - Carregando o dataset com stopwords removidas.
2024-11-23 12:46:52,543 - INFO - Dataset carregado com sucesso.
2024-11-23 12:46:52,544 - INFO - Aplicando stemming.
2024-11-23 12:46:52,545 - INFO - Aplicando lematizaçăo.
2024-11-23 12:46:52,696 - INFO - Removendo documentos vazios ou contendo apenas stop words.
2024-11-23 12:47:11,500 - INFO - Total de linhas antes da remoçăo: 2000
2024-11-23 12:47:46,172 - INFO - Total de linhas após a remoçăo: 1981
2024-11-23 12:47:46,172 - INFO - Número de linhas excluídas: 19
2024-11-23 12:47:46,172 - INFO - Classificando sentimentos.
2024-11-23 12:47:46,192 - INFO - Codificando sentimentos.
2024-11-23 12:47:46,194 - INFO - Removendo documentos vazios ou contendo apenas stop words.
2024-11-23 12:48:03,766 - INFO - Total de linhas antes da remoçăo: 1981
2024-11-23 12:48:38,999 - INFO - Total de linhas após a remoçăo: 1981
2024-11-23 12:48:38,999 - INFO - Número de linhas excluídas: 0
2024-11-23 12:48:38,999 - INFO - Salvando dataset com stemming, lematizaçăo e classificaçăo de sentimentos em formato Parquet e CSV.
2024-11-23 12:48:56,467 - INFO - Dataset salvo com sucesso.
2024-11-23 12:48:56,482 - INFO - Gerando amostra do dataset.
2024-11-23 12:48:56,482 - INFO - Amostra do dataset salva em: D:\Github\data-science\projetos\analise-de-sentimentos\nlp\data\processed\amostra_classificacao_sentimentos.csv
2024-11-23 12:48:56,482 - INFO - Arquivo config.yaml atualizado com sucesso.
2024-11-23 17:01:57,905 - INFO - Carregando o dataset com stopwords removidas.
2024-11-23 17:01:57,969 - INFO - Dataset carregado com sucesso.
2024-11-23 17:01:57,969 - INFO - Aplicando stemming.
2024-11-23 17:01:57,979 - INFO - Aplicando lematizaçăo.
2024-11-23 17:01:58,120 - INFO - Removendo documentos vazios ou contendo apenas stop words.
2024-11-23 17:02:17,877 - INFO - Total de linhas antes da remoçăo: 2000
2024-11-23 17:03:00,205 - INFO - Total de linhas após a remoçăo: 1981
2024-11-23 17:03:00,205 - INFO - Número de linhas excluídas: 19
2024-11-23 17:03:00,206 - INFO - Classificando sentimentos usando VADER e BERT.
2024-11-23 17:03:05,287 - INFO - Codificando sentimentos.
2024-11-23 17:03:05,315 - INFO - Removendo documentos vazios ou contendo apenas stop words.
2024-11-23 17:04:33,476 - INFO - Total de linhas antes da remoçăo: 1981
2024-11-23 17:07:18,243 - INFO - Total de linhas após a remoçăo: 1981
2024-11-23 17:07:18,243 - INFO - Número de linhas excluídas: 0
2024-11-23 17:07:18,243 - INFO - Salvando dataset com stemming, lematizaçăo e classificaçăo de sentimentos em formato Parquet e CSV.
2024-11-23 17:08:41,251 - INFO - Dataset salvo com sucesso.
2024-11-23 17:08:41,251 - INFO - Gerando amostra do dataset.
2024-11-23 17:08:41,254 - INFO - Amostra do dataset salva em: D:\Github\data-science\projetos\analise-de-sentimentos\nlp\data\processed\amostra_classificacao_sentimentos.csv
2024-11-23 17:08:41,257 - INFO - Arquivo config.yaml atualizado com sucesso.
2024-11-23 17:22:51,826 - INFO - Carregando o dataset com stopwords removidas.
2024-11-23 17:22:51,853 - INFO - Dataset carregado com sucesso.
2024-11-23 17:22:51,854 - INFO - Aplicando stemming.
2024-11-23 17:22:51,866 - INFO - Aplicando lematizaçăo.
2024-11-23 17:22:52,031 - INFO - Removendo documentos vazios ou contendo apenas stop words.
2024-11-23 17:23:14,847 - INFO - Total de linhas antes da remoçăo: 2000
2024-11-23 17:24:03,963 - INFO - Total de linhas após a remoçăo: 1981
2024-11-23 17:24:03,964 - INFO - Número de linhas excluídas: 19
2024-11-23 17:24:03,964 - INFO - Classificando sentimentos usando VADER e BERT.
2024-11-23 17:24:12,171 - INFO - Codificando sentimentos.
2024-11-23 17:24:12,179 - INFO - Removendo documentos vazios ou contendo apenas stop words.
2024-11-23 17:25:47,005 - INFO - Total de linhas antes da remoçăo: 1981
2024-11-23 17:28:45,577 - INFO - Total de linhas após a remoçăo: 1981
2024-11-23 17:28:45,577 - INFO - Número de linhas excluídas: 0
2024-11-23 17:28:45,578 - INFO - Salvando dataset com stemming, lematizaçăo e classificaçăo de sentimentos em formato Parquet e CSV.
2024-11-23 17:30:16,126 - INFO - Dataset salvo com sucesso.
2024-11-23 17:30:16,127 - INFO - Gerando amostra do dataset.
2024-11-23 17:30:16,130 - INFO - Amostra do dataset salva em: D:\Github\data-science\projetos\analise-de-sentimentos\nlp\data\processed\amostra_classificacao_sentimentos.csv
2024-11-23 17:30:16,132 - INFO - Arquivo config.yaml atualizado com sucesso.
2024-11-23 17:44:44,009 - INFO - Dataset carregado com sucesso com 1981 linhas.
2024-11-23 17:44:44,395 - ERROR - Erro durante a vetorizacao_texto: Column assignment doesn't support type list
2024-11-23 17:45:56,872 - INFO - Dataset carregado com sucesso com 1981 linhas.
2024-11-23 17:45:58,506 - ERROR - Erro durante a vetorizacao_texto: Column assignment doesn't support type list
2024-11-23 17:46:49,649 - INFO - Dataset carregado com sucesso com 1981 linhas.
2024-11-23 17:46:51,190 - ERROR - Erro durante a vetorizacao_texto: Column assignment doesn't support type list
2024-11-23 17:47:50,517 - INFO - Dataset carregado com sucesso com 1981 linhas.
2024-11-23 17:47:52,082 - ERROR - Erro durante a vetorizacao_texto: Column assignment doesn't support type list
2024-11-23 17:48:48,370 - INFO - Dataset carregado com sucesso com 1981 linhas.
2024-11-23 17:48:51,520 - INFO - Dataset salvo com sucesso.
2024-11-23 17:48:51,524 - INFO - Arquivo config.yaml atualizado com sucesso.
2024-11-23 19:25:17,007 - INFO - Carregando o dataset com stopwords removidas.
2024-11-23 19:25:17,034 - INFO - Dataset carregado com sucesso.
2024-11-23 19:25:17,034 - INFO - Aplicando stemming.
2024-11-23 19:25:17,041 - INFO - Aplicando lematizaçăo.
2024-11-23 19:25:17,221 - INFO - Removendo documentos vazios ou contendo apenas stop words.
2024-11-23 19:25:41,413 - INFO - Total de linhas antes da remoçăo: 2000
2024-11-23 19:26:30,311 - INFO - Total de linhas após a remoçăo: 1981
2024-11-23 19:26:30,311 - INFO - Número de linhas excluídas: 19
2024-11-23 19:26:30,311 - INFO - Classificando sentimentos usando VADER e BERT.
2024-11-23 19:26:36,592 - INFO - Codificando sentimentos.
2024-11-23 19:26:36,606 - INFO - Removendo documentos vazios ou contendo apenas stop words.
2024-11-23 19:28:10,388 - INFO - Total de linhas antes da remoçăo: 1981
2024-11-23 19:31:32,906 - INFO - Total de linhas após a remoçăo: 1981
2024-11-23 19:31:32,906 - INFO - Número de linhas excluídas: 0
2024-11-23 19:31:32,906 - INFO - Salvando dataset com stemming, lematizaçăo e classificaçăo de sentimentos em formato Parquet e CSV.
2024-11-23 19:33:29,407 - INFO - Dataset salvo com sucesso.
2024-11-23 19:33:29,407 - INFO - Gerando amostra do dataset.
2024-11-23 19:33:29,419 - INFO - Amostra do dataset salva em: D:\Github\data-science\projetos\analise-de-sentimentos\nlp\data\processed\amostra_classificacao_sentimentos.csv
2024-11-23 19:33:29,423 - INFO - Arquivo config.yaml atualizado com sucesso.
2024-11-23 19:36:31,383 - INFO - Dataset carregado com sucesso com 1981 linhas.
2024-11-23 19:36:34,488 - INFO - Dataset salvo com sucesso.
2024-11-23 19:36:34,490 - INFO - Arquivo config.yaml atualizado com sucesso.
2024-11-23 21:26:17,434 - INFO - Carregando o dataset com stopwords removidas.
2024-11-23 21:26:17,460 - INFO - Dataset carregado com sucesso.
2024-11-23 21:26:17,461 - INFO - Aplicando stemming.
2024-11-23 21:26:17,472 - INFO - Aplicando lematizaçăo.
2024-11-23 21:26:17,679 - INFO - Removendo documentos vazios ou contendo apenas stop words.
2024-11-23 21:28:39,428 - INFO - Total de linhas antes da remoçăo: 10000
2024-11-23 21:34:36,162 - INFO - Total de linhas após a remoçăo: 9943
2024-11-23 21:34:36,162 - INFO - Número de linhas excluídas: 57
2024-11-23 21:34:36,163 - INFO - Classificando sentimentos usando VADER e BERT.
2024-11-23 21:34:45,794 - INFO - Codificando sentimentos.
2024-11-23 21:34:45,866 - INFO - Removendo documentos vazios ou contendo apenas stop words.
2024-11-23 21:40:58,555 - INFO - Total de linhas antes da remoçăo: 9943
2024-11-23 21:52:32,887 - INFO - Total de linhas após a remoçăo: 9943
2024-11-23 21:52:32,887 - INFO - Número de linhas excluídas: 0
2024-11-23 21:52:32,887 - INFO - Salvando dataset com stemming, lematizaçăo e classificaçăo de sentimentos em formato Parquet e CSV.
2024-11-23 22:00:57,726 - INFO - Dataset salvo com sucesso.
2024-11-23 22:00:57,726 - INFO - Gerando amostra do dataset.
2024-11-23 22:00:57,726 - INFO - Amostra do dataset salva em: D:\Github\data-science\projetos\analise-de-sentimentos\nlp\data\processed\amostra_classificacao_sentimentos.csv
2024-11-23 22:00:57,726 - INFO - Arquivo config.yaml atualizado com sucesso.
2024-11-23 22:04:45,132 - INFO - Dataset carregado com sucesso com 9943 linhas.
2024-11-23 22:05:08,615 - INFO - Dataset salvo com sucesso.
2024-11-23 22:05:08,615 - INFO - Arquivo config.yaml atualizado com sucesso.
