2024-11-22 20:19:59,507 - INFO - Dataset carregado com sucesso com 2000 linhas.
2024-11-22 20:19:59,576 - INFO - Documentos após pré-processamento:
2024-11-22 20:19:59,576 - INFO - u p s e t c a n ' t u p d a t e F a c e b o o k t e x t I n g m I g h t c r y r e s u l t S c h o o l t o d a y a l s o B l a h
2024-11-22 20:19:59,577 - INFO - @ K e n I c h a n d I v e d m a n y t I m e s b a l l M a n a g e d s a v e 5 0 r e s t g o b o u n d s
2024-11-22 20:19:59,577 - INFO - w h o l e b o d y f e e l s I t c h y l I k e f I r e
2024-11-22 20:19:59,577 - INFO - @ n a t I o n w i d e c l a s s ' s b e h a v I n g ' m m a d c a n ' t s e e
2024-11-22 20:19:59,578 - INFO - @ K w e s I d e I w h o l e c r e w
2024-11-22 20:19:59,687 - INFO - Dataset salvo com sucesso.
2024-11-22 20:19:59,687 - INFO - Arquivo config.yaml atualizado com sucesso.
2024-11-22 20:33:10,020 - INFO - Dataset carregado com sucesso com 2000 linhas.
2024-11-22 20:33:10,074 - INFO - Documentos após pré-processamento:
2024-11-22 20:33:10,076 - INFO - u p s e t c a n ' t u p d a t e F a c e b o o k t e x t I n g m I g h t c r y r e s u l t S c h o o l t o d a y a l s o B l a h
2024-11-22 20:33:10,077 - INFO - @ K e n I c h a n d I v e d m a n y t I m e s b a l l M a n a g e d s a v e 5 0 r e s t g o b o u n d s
2024-11-22 20:33:10,077 - INFO - w h o l e b o d y f e e l s I t c h y l I k e f I r e
2024-11-22 20:33:10,077 - INFO - @ n a t I o n w i d e c l a s s ' s b e h a v I n g ' m m a d c a n ' t s e e
2024-11-22 20:33:10,077 - INFO - @ K w e s I d e I w h o l e c r e w
2024-11-22 20:33:10,203 - INFO - Dataset salvo com sucesso.
2024-11-22 20:33:10,204 - INFO - Arquivo config.yaml atualizado com sucesso.
2024-11-22 20:36:39,030 - INFO - Dataset carregado com sucesso com 2000 linhas.
2024-11-22 20:36:39,091 - INFO - Documentos após pré-processamento:
2024-11-22 20:36:39,092 - INFO - u p s e t c a n ' t u p d a t e F a c e b o o k t e x t I n g m I g h t c r y r e s u l t S c h o o l t o d a y a l s o B l a h
2024-11-22 20:36:39,092 - INFO - @ K e n I c h a n d I v e d m a n y t I m e s b a l l M a n a g e d s a v e 5 0 r e s t g o b o u n d s
2024-11-22 20:36:39,093 - INFO - w h o l e b o d y f e e l s I t c h y l I k e f I r e
2024-11-22 20:36:39,093 - INFO - @ n a t I o n w i d e c l a s s ' s b e h a v I n g ' m m a d c a n ' t s e e
2024-11-22 20:36:39,093 - INFO - @ K w e s I d e I w h o l e c r e w
2024-11-22 20:36:39,220 - INFO - Dataset salvo com sucesso.
2024-11-22 20:36:39,223 - INFO - Arquivo config.yaml atualizado com sucesso.
2024-11-22 21:14:38,554 - INFO - Dataset carregado com sucesso com 2000 linhas.
2024-11-22 21:14:38,620 - INFO - Documentos após pré-processamento:
2024-11-22 21:14:38,620 - INFO - u p s e t c a n ' t u p d a t e F a c e b o o k t e x t I n g m I g h t c r y r e s u l t S c h o o l t o d a y a l s o B l a h
2024-11-22 21:14:38,620 - INFO - @ K e n I c h a n d I v e d m a n y t I m e s b a l l M a n a g e d s a v e 5 0 r e s t g o b o u n d s
2024-11-22 21:14:38,621 - INFO - w h o l e b o d y f e e l s I t c h y l I k e f I r e
2024-11-22 21:14:38,621 - INFO - @ n a t I o n w i d e c l a s s ' s b e h a v I n g ' m m a d c a n ' t s e e
2024-11-22 21:14:38,621 - INFO - @ K w e s I d e I w h o l e c r e w
2024-11-22 21:14:38,737 - INFO - Dataset salvo com sucesso.
2024-11-22 21:14:38,737 - INFO - Arquivo config.yaml atualizado com sucesso.
2024-11-22 21:18:43,639 - INFO - Dataset carregado com sucesso com 2000 linhas.
2024-11-22 21:18:43,688 - INFO - Documentos após pré-processamento:
2024-11-22 21:18:43,688 - INFO - u p s e t c a n ' t u p d a t e F a c e b o o k t e x t I n g m I g h t c r y r e s u l t S c h o o l t o d a y a l s o B l a h
2024-11-22 21:18:43,688 - INFO - @ K e n I c h a n d I v e d m a n y t I m e s b a l l M a n a g e d s a v e 5 0 r e s t g o b o u n d s
2024-11-22 21:18:43,688 - INFO - w h o l e b o d y f e e l s I t c h y l I k e f I r e
2024-11-22 21:18:43,688 - INFO - @ n a t I o n w i d e c l a s s ' s b e h a v I n g ' m m a d c a n ' t s e e
2024-11-22 21:18:43,688 - INFO - @ K w e s I d e I w h o l e c r e w
2024-11-22 21:18:43,817 - INFO - Dataset salvo com sucesso.
2024-11-22 21:18:43,817 - INFO - Arquivo config.yaml atualizado com sucesso.
2024-11-22 21:21:19,711 - INFO - Dataset carregado com sucesso com 2000 linhas.
2024-11-22 21:21:19,770 - INFO - Documentos após pré-processamento:
2024-11-22 21:21:19,770 - INFO - u p s e t c a n ' t u p d a t e F a c e b o o k t e x t I n g m I g h t c r y r e s u l t S c h o o l t o d a y a l s o B l a h
2024-11-22 21:21:19,770 - INFO - @ K e n I c h a n d I v e d m a n y t I m e s b a l l M a n a g e d s a v e 5 0 r e s t g o b o u n d s
2024-11-22 21:21:19,770 - INFO - w h o l e b o d y f e e l s I t c h y l I k e f I r e
2024-11-22 21:21:19,770 - INFO - @ n a t I o n w i d e c l a s s ' s b e h a v I n g ' m m a d c a n ' t s e e
2024-11-22 21:21:19,770 - INFO - @ K w e s I d e I w h o l e c r e w
2024-11-22 21:21:19,914 - INFO - Dataset salvo com sucesso.
2024-11-22 21:21:19,914 - INFO - Arquivo config.yaml atualizado com sucesso.
