2024-11-20 20:23:27,673 - __main__ - INFO - Carregando dataset classificado do caminho: D:\Github\data-science\projetos\analise-de-sentimentos\nlp\data\processed\etapa3_analise_exploratoria.parquet
2024-11-20 20:23:27,741 - __main__ - INFO - Dataset classificado carregado com sucesso!
2024-11-20 20:23:27,742 - __main__ - INFO - Conjunto de dados dividido com sucesso!
2024-11-20 20:23:27,974 - __main__ - INFO - Modelo treinado com sucesso!
2024-11-20 20:23:27,984 - __main__ - INFO - Precisăo do modelo: 0.71
2024-11-20 20:23:27,984 - __main__ - INFO - Precisăo (weighted): 0.74
2024-11-20 20:23:27,984 - __main__ - INFO - Recall (weighted): 0.71
2024-11-20 20:23:27,985 - __main__ - INFO - F1-Score (weighted): 0.71
2024-11-20 20:23:28,013 - __main__ - INFO - Modelo salvo em D:\Github\data-science\projetos\analise-de-sentimentos\nlp\models\modelo_sentimentos.joblib
2024-11-20 20:28:29,260 - __main__ - INFO - Carregando dataset classificado do caminho: D:\Github\data-science\projetos\analise-de-sentimentos\nlp\data\processed\etapa3_analise_exploratoria.parquet
2024-11-20 20:28:29,317 - __main__ - INFO - Dataset classificado carregado com sucesso!
2024-11-20 20:28:29,318 - __main__ - INFO - Conjunto de dados dividido com sucesso!
2024-11-20 20:28:29,552 - __main__ - INFO - Modelo Logistic Regression treinado com sucesso!
2024-11-20 20:28:29,570 - __main__ - INFO - Relatório de classificaçăo para Logistic Regression:
               precision    recall  f1-score   support

    negativo       0.84      0.54      0.66       118
      neutro       0.64      0.89      0.74       161
    positivo       0.77      0.64      0.70       121

    accuracy                           0.71       400
   macro avg       0.75      0.69      0.70       400
weighted avg       0.74      0.71      0.71       400

2024-11-20 20:28:30,187 - __main__ - INFO - Modelo Random Forest treinado com sucesso!
2024-11-20 20:28:30,236 - __main__ - INFO - Relatório de classificaçăo para Random Forest:
               precision    recall  f1-score   support

    negativo       0.87      0.61      0.72       118
      neutro       0.69      0.97      0.80       161
    positivo       0.86      0.64      0.73       121

    accuracy                           0.76       400
   macro avg       0.80      0.74      0.75       400
weighted avg       0.79      0.76      0.76       400

2024-11-20 20:28:31,499 - __main__ - INFO - Modelo Gradient Boosting treinado com sucesso!
2024-11-20 20:28:31,521 - __main__ - INFO - Relatório de classificaçăo para Gradient Boosting:
               precision    recall  f1-score   support

    negativo       0.92      0.57      0.70       118
      neutro       0.65      0.99      0.79       161
    positivo       0.88      0.60      0.72       121

    accuracy                           0.75       400
   macro avg       0.82      0.72      0.73       400
weighted avg       0.80      0.75      0.74       400

2024-11-20 20:28:31,521 - __main__ - INFO - Melhor modelo: Random Forest com F1-Score (weighted): 0.76
2024-11-20 20:28:31,595 - __main__ - INFO - Melhor modelo salvo em D:\Github\data-science\projetos\analise-de-sentimentos\nlp\models\melhor_modelo_sentimentos.joblib
2024-11-20 20:30:16,507 - __main__ - INFO - Carregando dataset classificado do caminho: D:\Github\data-science\projetos\analise-de-sentimentos\nlp\data\processed\etapa3_analise_exploratoria.parquet
2024-11-20 20:30:16,566 - __main__ - INFO - Dataset classificado carregado com sucesso!
2024-11-20 20:30:16,567 - __main__ - INFO - Conjunto de dados dividido com sucesso!
2024-11-20 20:30:16,826 - __main__ - INFO - Modelo Logistic Regression treinado com sucesso!
2024-11-20 20:30:16,847 - __main__ - INFO - Relatório de classificaçăo para Logistic Regression:
               precision    recall  f1-score   support

    negativo       0.84      0.54      0.66       118
      neutro       0.64      0.89      0.74       161
    positivo       0.77      0.64      0.70       121

    accuracy                           0.71       400
   macro avg       0.75      0.69      0.70       400
weighted avg       0.74      0.71      0.71       400

2024-11-20 20:30:17,434 - __main__ - INFO - Modelo Random Forest treinado com sucesso!
2024-11-20 20:30:17,483 - __main__ - INFO - Relatório de classificaçăo para Random Forest:
               precision    recall  f1-score   support

    negativo       0.87      0.61      0.72       118
      neutro       0.69      0.97      0.80       161
    positivo       0.86      0.64      0.73       121

    accuracy                           0.76       400
   macro avg       0.80      0.74      0.75       400
weighted avg       0.79      0.76      0.76       400

2024-11-20 20:30:18,758 - __main__ - INFO - Modelo Gradient Boosting treinado com sucesso!
2024-11-20 20:30:18,782 - __main__ - INFO - Relatório de classificaçăo para Gradient Boosting:
               precision    recall  f1-score   support

    negativo       0.92      0.57      0.70       118
      neutro       0.65      0.99      0.79       161
    positivo       0.88      0.60      0.72       121

    accuracy                           0.75       400
   macro avg       0.82      0.72      0.73       400
weighted avg       0.80      0.75      0.74       400

2024-11-20 20:30:35,907 - __main__ - INFO - Modelo MLP Classifier treinado com sucesso!
2024-11-20 20:30:35,927 - __main__ - INFO - Relatório de classificaçăo para MLP Classifier:
               precision    recall  f1-score   support

    negativo       0.63      0.62      0.63       118
      neutro       0.67      0.68      0.67       161
    positivo       0.67      0.68      0.67       121

    accuracy                           0.66       400
   macro avg       0.66      0.66      0.66       400
weighted avg       0.66      0.66      0.66       400

2024-11-20 20:30:35,928 - __main__ - INFO - Melhor modelo: Random Forest com F1-Score (weighted): 0.76
2024-11-20 20:30:36,001 - __main__ - INFO - Melhor modelo salvo em D:\Github\data-science\projetos\analise-de-sentimentos\nlp\models\melhor_modelo_sentimentos.joblib
2024-11-20 20:34:39,843 - __main__ - INFO - Carregando dataset classificado do caminho: D:\Github\data-science\projetos\analise-de-sentimentos\nlp\data\processed\etapa3_analise_exploratoria.parquet
2024-11-20 20:34:39,908 - __main__ - INFO - Dataset classificado carregado com sucesso!
2024-11-20 20:34:39,910 - __main__ - INFO - Conjunto de dados dividido com sucesso!
2024-11-20 20:35:34,672 - __main__ - INFO - Melhores parâmetros encontrados: {'clf__max_depth': None, 'clf__min_samples_leaf': 1, 'clf__min_samples_split': 10, 'clf__n_estimators': 300}
2024-11-20 20:35:36,068 - __main__ - INFO - Modelo treinado com os melhores parâmetros.
2024-11-20 20:35:36,176 - __main__ - INFO - Relatório de classificaçăo (Parâmetros Otimizados):
               precision    recall  f1-score   support

    negativo       0.91      0.59      0.72       118
      neutro       0.67      0.97      0.79       161
    positivo       0.86      0.64      0.74       121

    accuracy                           0.76       400
   macro avg       0.81      0.74      0.75       400
weighted avg       0.80      0.76      0.75       400

2024-11-20 20:35:42,362 - __main__ - INFO - Validaçăo cruzada F1-scores: [0.77711382 0.77835621 0.74208414 0.77998436 0.7484346 ]
2024-11-20 20:35:42,363 - __main__ - INFO - F1-score médio (Validaçăo Cruzada): 0.77
2024-11-20 20:37:04,378 - __main__ - INFO - Carregando dataset classificado do caminho: D:\Github\data-science\projetos\analise-de-sentimentos\nlp\data\processed\etapa3_analise_exploratoria.parquet
2024-11-20 20:37:04,439 - __main__ - INFO - Dataset classificado carregado com sucesso!
2024-11-20 20:37:04,439 - __main__ - INFO - Conjunto de dados dividido com sucesso!
2024-11-20 20:38:06,270 - __main__ - INFO - Melhores parâmetros encontrados: {'clf__max_depth': None, 'clf__min_samples_leaf': 1, 'clf__min_samples_split': 10, 'clf__n_estimators': 300}
2024-11-20 20:38:07,811 - __main__ - INFO - Modelo treinado com os melhores parâmetros.
2024-11-20 20:38:07,938 - __main__ - INFO - Relatório de classificaçăo (Parâmetros Otimizados):
               precision    recall  f1-score   support

    negativo       0.91      0.59      0.72       118
      neutro       0.67      0.97      0.79       161
    positivo       0.86      0.64      0.74       121

    accuracy                           0.76       400
   macro avg       0.81      0.74      0.75       400
weighted avg       0.80      0.76      0.75       400

2024-11-20 20:38:14,563 - __main__ - INFO - Validaçăo cruzada F1-scores: [0.77711382 0.77835621 0.74208414 0.77998436 0.7484346 ]
2024-11-20 20:38:14,564 - __main__ - INFO - F1-score médio (Validaçăo Cruzada): 0.77
2024-11-20 20:38:32,330 - __main__ - INFO - Área sob a curva ROC para cada classe: {0: 0.9002584445245824, 1: 0.9120559266093194, 2: 0.9014781243520247}
2024-11-20 20:40:25,372 - __main__ - INFO - Carregando dataset classificado do caminho: D:\Github\data-science\projetos\analise-de-sentimentos\nlp\data\processed\etapa3_analise_exploratoria.parquet
2024-11-20 20:40:25,428 - __main__ - INFO - Dataset classificado carregado com sucesso!
2024-11-20 20:40:25,428 - __main__ - INFO - Conjunto de dados dividido com sucesso!
2024-11-20 20:41:16,458 - __main__ - INFO - Melhores parâmetros encontrados: {'clf__max_depth': None, 'clf__min_samples_leaf': 1, 'clf__min_samples_split': 10, 'clf__n_estimators': 300}
2024-11-20 20:41:17,689 - __main__ - INFO - Modelo treinado com os melhores parâmetros.
2024-11-20 20:41:17,789 - __main__ - INFO - Relatório de classificaçăo (Parâmetros Otimizados):
               precision    recall  f1-score   support

    negativo       0.91      0.59      0.72       118
      neutro       0.67      0.97      0.79       161
    positivo       0.86      0.64      0.74       121

    accuracy                           0.76       400
   macro avg       0.81      0.74      0.75       400
weighted avg       0.80      0.76      0.75       400

2024-11-20 20:41:23,137 - __main__ - INFO - Validaçăo cruzada F1-scores: [0.77711382 0.77835621 0.74208414 0.77998436 0.7484346 ]
2024-11-20 20:41:23,153 - __main__ - INFO - F1-score médio (Validaçăo Cruzada): 0.77
2024-11-20 20:41:27,752 - __main__ - INFO - Área sob a curva ROC para cada classe: {0: 0.9002584445245824, 1: 0.9120559266093194, 2: 0.9014781243520247}
2024-11-20 20:41:27,753 - __main__ - INFO - Melhores thresholds por classe: {'negativo': 0.27984240280989525, 'neutro': 0.4591317867146042, 'positivo': 0.3056473934705358}
2024-11-20 20:41:27,781 - __main__ - INFO - Relatório de classificaçăo (Melhor Threshold):
               precision    recall  f1-score   support

    negativo       0.80      0.78      0.79       118
      neutro       0.74      0.93      0.83       161
    positivo       0.91      0.64      0.75       121

    accuracy                           0.80       400
   macro avg       0.82      0.78      0.79       400
weighted avg       0.81      0.80      0.79       400

2024-11-20 20:41:27,972 - __main__ - INFO - Melhor modelo salvo em D:\Github\data-science\projetos\analise-de-sentimentos\nlp\models\melhor_modelo_rf.joblib
